Q:\GraphTheory\RandomGraph\RandomGraph\Debug\cl.command.1.tlog
Q:\GraphTheory\RandomGraph\RandomGraph\Debug\CL.read.1.tlog
Q:\GraphTheory\RandomGraph\RandomGraph\Debug\CL.write.1.tlog
Q:\GRAPHTHEORY\RANDOMGRAPH\RANDOMGRAPH\DEBUG\CONFIG.OBJ
Q:\GraphTheory\RandomGraph\RandomGraph\Debug\custombuild.command.1.tlog
Q:\GraphTheory\RandomGraph\RandomGraph\Debug\custombuild.read.1.tlog
Q:\GraphTheory\RandomGraph\RandomGraph\Debug\custombuild.write.1.tlog
Q:\GRAPHTHEORY\RANDOMGRAPH\RANDOMGRAPH\DEBUG\EDGE.OBJ
Q:\GRAPHTHEORY\RANDOMGRAPH\RANDOMGRAPH\DEBUG\GRAPH.OBJ
Q:\GRAPHTHEORY\RANDOMGRAPH\RANDOMGRAPH\DEBUG\GRAPHDISTRODLG.OBJ
Q:\GRAPHTHEORY\RANDOMGRAPH\RANDOMGRAPH\DEBUG\GRAPHMODELPROPSDLG.OBJ
Q:\GRAPHTHEORY\RANDOMGRAPH\RANDOMGRAPH\DEBUG\GRAPHPROPERTIESDLG.OBJ
Q:\GraphTheory\RandomGraph\RandomGraph\Debug\link.command.1.tlog
Q:\GraphTheory\RandomGraph\RandomGraph\Debug\link.read.1.tlog
Q:\GraphTheory\RandomGraph\RandomGraph\Debug\link.write.1.tlog
Q:\GRAPHTHEORY\RANDOMGRAPH\RANDOMGRAPH\DEBUG\MAIN.OBJ
Q:\GRAPHTHEORY\RANDOMGRAPH\RANDOMGRAPH\DEBUG\MATRIXVIEWDLG.OBJ
Q:\GRAPHTHEORY\RANDOMGRAPH\RANDOMGRAPH\DEBUG\MOC_GRAPHDISTRODLG.OBJ
Q:\GRAPHTHEORY\RANDOMGRAPH\RANDOMGRAPH\DEBUG\MOC_GRAPHMODELPROPSDLG.OBJ
Q:\GRAPHTHEORY\RANDOMGRAPH\RANDOMGRAPH\DEBUG\MOC_GRAPHPROPERTIESDLG.OBJ
Q:\GRAPHTHEORY\RANDOMGRAPH\RANDOMGRAPH\DEBUG\MOC_MATRIXVIEWDLG.OBJ
Q:\GRAPHTHEORY\RANDOMGRAPH\RANDOMGRAPH\DEBUG\MOC_PREFERENCES.OBJ
Q:\GRAPHTHEORY\RANDOMGRAPH\RANDOMGRAPH\DEBUG\MOC_QCUSTOMPLOT.OBJ
Q:\GRAPHTHEORY\RANDOMGRAPH\RANDOMGRAPH\DEBUG\MOC_RANDOMGRAPH.OBJ
Q:\GRAPHTHEORY\RANDOMGRAPH\RANDOMGRAPH\DEBUG\MOC_WIDGETS.OBJ
Q:\GraphTheory\RandomGraph\RandomGraph\Debug\mt.command.1.tlog
Q:\GraphTheory\RandomGraph\RandomGraph\Debug\mt.read.1.tlog
Q:\GraphTheory\RandomGraph\RandomGraph\Debug\mt.write.1.tlog
Q:\GRAPHTHEORY\RANDOMGRAPH\RANDOMGRAPH\DEBUG\NODE.OBJ
Q:\GRAPHTHEORY\RANDOMGRAPH\RANDOMGRAPH\DEBUG\PREFERENCES.OBJ
Q:\GRAPHTHEORY\RANDOMGRAPH\RANDOMGRAPH\DEBUG\PUGIXML.OBJ
Q:\GRAPHTHEORY\RANDOMGRAPH\RANDOMGRAPH\DEBUG\QCUSTOMPLOT.OBJ
Q:\GRAPHTHEORY\RANDOMGRAPH\RANDOMGRAPH\DEBUG\QRC_RANDOMGRAPH.OBJ
Q:\GRAPHTHEORY\RANDOMGRAPH\RANDOMGRAPH\DEBUG\RANDOMGRAPH.EXE.INTERMEDIATE.MANIFEST
Q:\GRAPHTHEORY\RANDOMGRAPH\RANDOMGRAPH\DEBUG\RANDOMGRAPH.OBJ
Q:\GraphTheory\RandomGraph\RandomGraph\Debug\RandomGraph.vcxprojResolveAssemblyReference.cache
Q:\GraphTheory\RandomGraph\RandomGraph\Debug\RandomGraph.write.1.tlog
Q:\GRAPHTHEORY\RANDOMGRAPH\RANDOMGRAPH\DEBUG\UTILITY.OBJ
Q:\GRAPHTHEORY\RANDOMGRAPH\RANDOMGRAPH\DEBUG\VC100.PDB
Q:\GRAPHTHEORY\RANDOMGRAPH\RANDOMGRAPH\DEBUG\WIDGET.OBJ
Q:\GRAPHTHEORY\RANDOMGRAPH\RANDOMGRAPH\GENERATEDFILES\DEBUG\MOC_GRAPHDISTRODLG.CPP
Q:\GRAPHTHEORY\RANDOMGRAPH\RANDOMGRAPH\GENERATEDFILES\DEBUG\MOC_GRAPHMODELPROPSDLG.CPP
Q:\GRAPHTHEORY\RANDOMGRAPH\RANDOMGRAPH\GENERATEDFILES\DEBUG\MOC_GRAPHPROPERTIESDLG.CPP
Q:\GRAPHTHEORY\RANDOMGRAPH\RANDOMGRAPH\GENERATEDFILES\DEBUG\MOC_MATRIXVIEWDLG.CPP
Q:\GRAPHTHEORY\RANDOMGRAPH\RANDOMGRAPH\GENERATEDFILES\DEBUG\MOC_PREFERENCES.CPP
Q:\GRAPHTHEORY\RANDOMGRAPH\RANDOMGRAPH\GENERATEDFILES\DEBUG\MOC_QCUSTOMPLOT.CPP
Q:\GRAPHTHEORY\RANDOMGRAPH\RANDOMGRAPH\GENERATEDFILES\DEBUG\MOC_RANDOMGRAPH.CPP
Q:\GRAPHTHEORY\RANDOMGRAPH\RANDOMGRAPH\GENERATEDFILES\DEBUG\MOC_WIDGETS.CPP
Q:\GRAPHTHEORY\RANDOMGRAPH\RANDOMGRAPH\GENERATEDFILES\QRC_RANDOMGRAPH.CPP
Q:\GRAPHTHEORY\RANDOMGRAPH\RANDOMGRAPH\GENERATEDFILES\UI_PREFERENCES.H
Q:\GRAPHTHEORY\RANDOMGRAPH\RANDOMGRAPH\GENERATEDFILES\UI_PROPERTIESDLG.H
Q:\GRAPHTHEORY\RANDOMGRAPH\RANDOMGRAPH\GENERATEDFILES\UI_RANDOMGRAPH.H
Q:\GRAPHTHEORY\RANDOMGRAPH\RANDOMGRAPH\GENERATEDFILES\UI_RANDOMGRAPHPROPDLG.H
Q:\GRAPHTHEORY\RANDOMGRAPH\WIN32\DEBUG\RANDOMGRAPH.EXE
Q:\GRAPHTHEORY\RANDOMGRAPH\WIN32\DEBUG\RANDOMGRAPH.ILK
Q:\GRAPHTHEORY\RANDOMGRAPH\WIN32\DEBUG\RANDOMGRAPH.PDB
