Q:\GRAPHTHEORY\RANDOMGRAPH\RANDOMGRAPH\GENERATEDFILES\QRC_RANDOMGRAPH.CPP
Q:\GRAPHTHEORY\RANDOMGRAPH\RANDOMGRAPH\GENERATEDFILES\RELEASE\MOC_GRAPHDISTRODLG.CPP
Q:\GRAPHTHEORY\RANDOMGRAPH\RANDOMGRAPH\GENERATEDFILES\RELEASE\MOC_GRAPHMODELPROPSDLG.CPP
Q:\GRAPHTHEORY\RANDOMGRAPH\RANDOMGRAPH\GENERATEDFILES\RELEASE\MOC_GRAPHPROPERTIESDLG.CPP
Q:\GRAPHTHEORY\RANDOMGRAPH\RANDOMGRAPH\GENERATEDFILES\RELEASE\MOC_MATRIXVIEWDLG.CPP
Q:\GRAPHTHEORY\RANDOMGRAPH\RANDOMGRAPH\GENERATEDFILES\RELEASE\MOC_PREFERENCES.CPP
Q:\GRAPHTHEORY\RANDOMGRAPH\RANDOMGRAPH\GENERATEDFILES\RELEASE\MOC_QCUSTOMPLOT.CPP
Q:\GRAPHTHEORY\RANDOMGRAPH\RANDOMGRAPH\GENERATEDFILES\RELEASE\MOC_RANDOMGRAPH.CPP
Q:\GRAPHTHEORY\RANDOMGRAPH\RANDOMGRAPH\GENERATEDFILES\RELEASE\MOC_WIDGETS.CPP
Q:\GRAPHTHEORY\RANDOMGRAPH\RANDOMGRAPH\GENERATEDFILES\UI_PREFERENCES.H
Q:\GRAPHTHEORY\RANDOMGRAPH\RANDOMGRAPH\GENERATEDFILES\UI_PROPERTIESDLG.H
Q:\GRAPHTHEORY\RANDOMGRAPH\RANDOMGRAPH\GENERATEDFILES\UI_RANDOMGRAPH.H
Q:\GRAPHTHEORY\RANDOMGRAPH\RANDOMGRAPH\GENERATEDFILES\UI_RANDOMGRAPHPROPDLG.H
Q:\GraphTheory\RandomGraph\RandomGraph\Release\cl.command.1.tlog
Q:\GraphTheory\RandomGraph\RandomGraph\Release\CL.read.1.tlog
Q:\GraphTheory\RandomGraph\RandomGraph\Release\CL.write.1.tlog
Q:\GRAPHTHEORY\RANDOMGRAPH\RANDOMGRAPH\RELEASE\CONFIG.OBJ
Q:\GraphTheory\RandomGraph\RandomGraph\Release\custombuild.command.1.tlog
Q:\GraphTheory\RandomGraph\RandomGraph\Release\custombuild.read.1.tlog
Q:\GraphTheory\RandomGraph\RandomGraph\Release\custombuild.write.1.tlog
Q:\GRAPHTHEORY\RANDOMGRAPH\RANDOMGRAPH\RELEASE\EDGE.OBJ
Q:\GRAPHTHEORY\RANDOMGRAPH\RANDOMGRAPH\RELEASE\GRAPH.OBJ
Q:\GRAPHTHEORY\RANDOMGRAPH\RANDOMGRAPH\RELEASE\GRAPHDISTRODLG.OBJ
Q:\GRAPHTHEORY\RANDOMGRAPH\RANDOMGRAPH\RELEASE\GRAPHMODELPROPSDLG.OBJ
Q:\GRAPHTHEORY\RANDOMGRAPH\RANDOMGRAPH\RELEASE\GRAPHPROPERTIESDLG.OBJ
Q:\GraphTheory\RandomGraph\RandomGraph\Release\link.command.1.tlog
Q:\GraphTheory\RandomGraph\RandomGraph\Release\link.read.1.tlog
Q:\GraphTheory\RandomGraph\RandomGraph\Release\link.write.1.tlog
Q:\GRAPHTHEORY\RANDOMGRAPH\RANDOMGRAPH\RELEASE\MAIN.OBJ
Q:\GRAPHTHEORY\RANDOMGRAPH\RANDOMGRAPH\RELEASE\MATRIXVIEWDLG.OBJ
Q:\GRAPHTHEORY\RANDOMGRAPH\RANDOMGRAPH\RELEASE\MOC_GRAPHDISTRODLG.OBJ
Q:\GRAPHTHEORY\RANDOMGRAPH\RANDOMGRAPH\RELEASE\MOC_GRAPHMODELPROPSDLG.OBJ
Q:\GRAPHTHEORY\RANDOMGRAPH\RANDOMGRAPH\RELEASE\MOC_GRAPHPROPERTIESDLG.OBJ
Q:\GRAPHTHEORY\RANDOMGRAPH\RANDOMGRAPH\RELEASE\MOC_MATRIXVIEWDLG.OBJ
Q:\GRAPHTHEORY\RANDOMGRAPH\RANDOMGRAPH\RELEASE\MOC_PREFERENCES.OBJ
Q:\GRAPHTHEORY\RANDOMGRAPH\RANDOMGRAPH\RELEASE\MOC_QCUSTOMPLOT.OBJ
Q:\GRAPHTHEORY\RANDOMGRAPH\RANDOMGRAPH\RELEASE\MOC_RANDOMGRAPH.OBJ
Q:\GRAPHTHEORY\RANDOMGRAPH\RANDOMGRAPH\RELEASE\MOC_WIDGETS.OBJ
Q:\GraphTheory\RandomGraph\RandomGraph\Release\mt.command.1.tlog
Q:\GraphTheory\RandomGraph\RandomGraph\Release\mt.read.1.tlog
Q:\GraphTheory\RandomGraph\RandomGraph\Release\mt.write.1.tlog
Q:\GRAPHTHEORY\RANDOMGRAPH\RANDOMGRAPH\RELEASE\NODE.OBJ
Q:\GRAPHTHEORY\RANDOMGRAPH\RANDOMGRAPH\RELEASE\PREFERENCES.OBJ
Q:\GRAPHTHEORY\RANDOMGRAPH\RANDOMGRAPH\RELEASE\PUGIXML.OBJ
Q:\GRAPHTHEORY\RANDOMGRAPH\RANDOMGRAPH\RELEASE\QCUSTOMPLOT.OBJ
Q:\GRAPHTHEORY\RANDOMGRAPH\RANDOMGRAPH\RELEASE\QRC_RANDOMGRAPH.OBJ
Q:\GRAPHTHEORY\RANDOMGRAPH\RANDOMGRAPH\RELEASE\RANDOMGRAPH.EXE.INTERMEDIATE.MANIFEST
Q:\GRAPHTHEORY\RANDOMGRAPH\RANDOMGRAPH\RELEASE\RANDOMGRAPH.OBJ
Q:\GraphTheory\RandomGraph\RandomGraph\Release\RandomGraph.write.1.tlog
Q:\GRAPHTHEORY\RANDOMGRAPH\RANDOMGRAPH\RELEASE\UTILITY.OBJ
Q:\GRAPHTHEORY\RANDOMGRAPH\RANDOMGRAPH\RELEASE\WIDGET.OBJ
Q:\GRAPHTHEORY\RANDOMGRAPH\WIN32\RELEASE\RANDOMGRAPH.EXE
